[10-May-2025 13:32:34 UTC] PHP Warning:  require_once(../../config.php): Failed to open stream: No such file or directory in C:\wamp64\www\wala_project\project\controller\ChatController.php on line 21
[10-May-2025 13:32:34 UTC] PHP Stack trace:
[10-May-2025 13:32:34 UTC] PHP   1. {main}() C:\wamp64\www\wala_project\project\controller\ChatController.php:0
[10-May-2025 13:32:34 UTC] PHP Fatal error:  Uncaught Error: Failed opening required '../../config.php' (include_path='.;C:\php\pear') in C:\wamp64\www\wala_project\project\controller\ChatController.php:21
Stack trace:
#0 {main}
  thrown in C:\wamp64\www\wala_project\project\controller\ChatController.php on line 21
[10-May-2025 13:32:35 UTC] PHP Warning:  require_once(../../config.php): Failed to open stream: No such file or directory in C:\wamp64\www\wala_project\project\controller\ChatController.php on line 21
[10-May-2025 13:32:35 UTC] PHP Stack trace:
[10-May-2025 13:32:35 UTC] PHP   1. {main}() C:\wamp64\www\wala_project\project\controller\ChatController.php:0
[10-May-2025 13:32:35 UTC] PHP Fatal error:  Uncaught Error: Failed opening required '../../config.php' (include_path='.;C:\php\pear') in C:\wamp64\www\wala_project\project\controller\ChatController.php:21
Stack trace:
#0 {main}
  thrown in C:\wamp64\www\wala_project\project\controller\ChatController.php on line 21
[10-May-2025 13:33:08 UTC] PHP Warning:  require_once(../../config.php): Failed to open stream: No such file or directory in C:\wamp64\www\wala_project\project\controller\ChatController.php on line 21
[10-May-2025 13:33:08 UTC] PHP Stack trace:
[10-May-2025 13:33:08 UTC] PHP   1. {main}() C:\wamp64\www\wala_project\project\controller\ChatController.php:0
[10-May-2025 13:33:08 UTC] PHP Fatal error:  Uncaught Error: Failed opening required '../../config.php' (include_path='.;C:\php\pear') in C:\wamp64\www\wala_project\project\controller\ChatController.php:21
Stack trace:
#0 {main}
  thrown in C:\wamp64\www\wala_project\project\controller\ChatController.php on line 21
