Attempting to send to: frrefied@gmail.com
Using SMTP: smtp.gmail.com:587
Email sent successfully!
Attempting to send to: zarrouk.aziz@esprit.tn
Using SMTP: smtp.gmail.com:587
Email sent successfully!
Attempting to send to: rayencheese@gmail.com
Using SMTP: smtp.gmail.com:587
Email sent successfully!
Attempting to send to: rayencheese@gmail.com
Using SMTP: smtp.gmail.com:587
Email sent successfully!
Attempting to send to: frrefied@gmail.com
Using SMTP: smtp.gmail.com:587
Email sent successfully!
Attempting to send to: walabentahar0@gmail.com
Using SMTP: smtp.gmail.com:587
Email sent successfully!
Attempting to send to: walabentaher0@gmail.com
Using SMTP: smtp.gmail.com:587
Email sent successfully!
Attempting to send to: walabentahar0@gmail.com
Using SMTP: smtp.gmail.com:587
Email sent successfully!
Attempting to send to: walabentahar0@gmail.com
Using SMTP: smtp.gmail.com:587
Attempting to send to: walabentahar0@gmail.com
Using SMTP: smtp.gmail.com:587
Email sent successfully!
Email sent successfully!
